C51 COMPILER V9.00   TEMP                                                                  03/17/2019 14:02:44 PAGE 1   


C51 COMPILER V9.00, COMPILATION OF MODULE TEMP
OBJECT MODULE PLACED IN .\Objects\Temp.obj
COMPILER INVOKED BY: F:\KEIL5\C51\BIN\C51.EXE Temp.c OPTIMIZE(8,SPEED) BROWSE DEBUG OBJECTEXTEND PRINT(.\Listings\Temp.l
                    -st) OBJECT(.\Objects\Temp.obj)

line level    source

   1          #include "reg52.h"
   2          #include "intrins.h"
   3          #include "stdio.h"
   4          
   5          sfr INT_CLK=0x8f;
   6          
   7          
   8          sbit UpKey=P3^6;//中断2
   9          
  10          sbit StopKey=P3^2;//中断0
  11          
  12          sbit LeftKey=P3^3;//中断1
  13          
  14          sbit RightKey=P3^0;//中断4
  15          
  16          
  17          
  18          void Init(void);
  19          void Delayms(unsigned char Times);              //@11.0592MHz
  20          
  21          
  22          unsigned char Flag=1;
  23          
  24          
  25          int main(void)
  26          {
  27   1              
  28   1              unsigned char i=0;
  29   1      
  30   1              Init();
  31   1              while(1)
  32   1              {
  33   2                      switch(Flag)
  34   2                      {
  35   3                              case 1://正常行驶
  36   3                                      P1=0xFF;//全部熄灭
  37   3                              
  38   3                                      break;
  39   3                              
  40   3                              case 2://右转
  41   3                              
  42   3                                      P1=0xFE;//1111 1110
  43   3                                      Delayms(200);
  44   3                                      Delayms(200);
  45   3                                      for(i=0;i<=1;i++)
  46   3                                      {
  47   4                                              P1=_crol_(P1,1);
  48   4                                              Delayms(200);
  49   4                                              Delayms(200);
  50   4                                      }
  51   3      
  52   3                                      break;
  53   3                              
  54   3                              case 3:
C51 COMPILER V9.00   TEMP                                                                  03/17/2019 14:02:44 PAGE 2   

  55   3                              
  56   3                                      P1=0xDF;//1101 1111
  57   3                                      Delayms(200);
  58   3                                      Delayms(200);
  59   3                                      for(i=0;i<=1;i++)
  60   3                                      {
  61   4                                              P1=_cror_(P1,1);
  62   4                                              Delayms(200);
  63   4                                              Delayms(200);
  64   4                                              
  65   4                                      }
  66   3                                      break;//左转
  67   3                              
  68   3                              case 4://刹车
  69   3                              
  70   3                                      P1=0x00;
  71   3                                      Delayms(200);
  72   3                                      Delayms(200);
  73   3                                      P1=0xFF;
  74   3                                      Delayms(200);
  75   3                                      Delayms(200);
  76   3                                  P1=0x00;
  77   3                                      break;
  78   3                              
  79   3                              default:
  80   3                                      P1=0xFF;
  81   3                      
  82   3                      }
  83   2                      
  84   2              }
  85   1      }
  86          
  87          void Init(void)
  88          {
  89   1              INT0=1;
  90   1              IT0=1;
  91   1              EX0=1;
  92   1              
  93   1              
  94   1              INT1=1;
  95   1              IT1=1;
  96   1              EX1=1;
  97   1              
  98   1              INT_CLK|=0x40;//中断4
  99   1              INT_CLK|=0x10;//中断4
 100   1              
 101   1              EA=1;
 102   1      
 103   1      }
 104          
 105          //刹车
 106          void exint0() interrupt 0
 107          {
 108   1              Flag=4;
 109   1              
 110   1              
 111   1      }
 112          
 113          //LeftKey
 114          void exint1() interrupt 2
 115          {
 116   1              Flag=3;
C51 COMPILER V9.00   TEMP                                                                  03/17/2019 14:02:44 PAGE 3   

 117   1              
 118   1              
 119   1      }
 120          
 121          //UpKey
 122          void exint2() interrupt 10
 123          {
 124   1              Flag=1;
 125   1              
 126   1              
 127   1      }
 128          
 129          
 130          //RightKey
 131          void exint4() interrupt 16
 132          {
 133   1              Flag=2;
 134   1      }
 135          
 136          
 137          void Delayms(unsigned char Times)               //@11.0592MHz
 138          {
 139   1              unsigned char temp;
 140   1              unsigned char i, j;
 141   1              for(temp=0;temp<Times;temp++)
 142   1              {
 143   2                      _nop_();
 144   2                      _nop_();
 145   2                      _nop_();
 146   2                      i = 11;
 147   2                      j = 190;
 148   2                      do
 149   2                      {
 150   3                              while (--j);
 151   3                      } while (--i);
 152   2              }
 153   1      }


MODULE INFORMATION:   STATIC OVERLAYABLE
   CODE SIZE        =    219    ----
   CONSTANT SIZE    =   ----    ----
   XDATA SIZE       =   ----    ----
   PDATA SIZE       =   ----    ----
   DATA SIZE        =      1       1
   IDATA SIZE       =   ----    ----
   BIT SIZE         =   ----    ----
END OF MODULE INFORMATION.


C51 COMPILATION COMPLETE.  0 WARNING(S),  0 ERROR(S)
